<?xml version="1.0" encoding="UTF-8"?>
<testsuite xmlns:xsi="http://www.w3.org/2001/XMLSchema-instance" xsi:noNamespaceSchemaLocation="https://maven.apache.org/surefire/maven-surefire-plugin/xsd/surefire-test-report.xsd" name="main.TestObjectUnderTest" time="0.382" tests="2" errors="0" skipped="0" failures="0">
  <properties>
[...]
</properties>
  <testcase name="testMock" classname="main.TestObjectUnderTest" time="0.373"/>
  <testcase name="test" classname="main.TestObjectUnderTest" time="0.002"/>
</testsuite>